<?xml version="1.0" encoding="UTF-8"?>
<!-- Generated by org.testng.reporters.JUnitReportReporter -->
<testsuite skipped="0" hostname="C83160" name="com.test.demo.Hello" tests="8" failures="0" timestamp="25 May 2017 05:25:09 GMT" time="0.028" errors="0">
  <testcase name="testmethod6" time="0.002" classname="com.test.demo.Hello"/>
  <testcase name="testmethod3" time="0.002" classname="com.test.demo.Hello"/>
  <testcase name="testmethod1" time="0.013" classname="com.test.demo.Hello"/>
  <testcase name="testmethod8" time="0.001" classname="com.test.demo.Hello"/>
  <testcase name="testmethod7" time="0.002" classname="com.test.demo.Hello"/>
  <testcase name="testmethod2" time="0.004" classname="com.test.demo.Hello"/>
  <testcase name="testmethod5" time="0.002" classname="com.test.demo.Hello"/>
  <testcase name="testmethod4" time="0.002" classname="com.test.demo.Hello"/>
</testsuite> <!-- com.test.demo.Hello -->
