<?xml version="1.0" encoding="UTF-8"?>
<!-- Generated by org.testng.reporters.JUnitReportReporter -->
<testsuite skipped="0" hostname="C83160" name="com.test.demo.Hello" tests="6" failures="0" timestamp="25 May 2017 03:05:21 GMT" time="0.023" errors="0">
  <testcase name="testmethod2" time="0.004" classname="com.test.demo.Hello"/>
  <testcase name="testmethod4" time="0.002" classname="com.test.demo.Hello"/>
  <testcase name="testmethod3" time="0.002" classname="com.test.demo.Hello"/>
  <testcase name="testmethod6" time="0.002" classname="com.test.demo.Hello"/>
  <testcase name="testmethod5" time="0.002" classname="com.test.demo.Hello"/>
  <testcase name="testmethod1" time="0.011" classname="com.test.demo.Hello"/>
</testsuite> <!-- com.test.demo.Hello -->
